TN:
SF:utils\arrayUtils.js
FN:2,findMax
FN:9,findMin
FN:16,removeDuplicates
FNF:3
FNH:3
FNDA:12,findMax
FNDA:12,findMin
FNDA:15,removeDuplicates
DA:1,1
DA:2,1
DA:3,12
DA:4,5
DA:5,5
DA:6,7
DA:7,12
DA:8,1
DA:9,1
DA:10,12
DA:11,5
DA:12,5
DA:13,7
DA:14,12
DA:15,1
DA:16,1
DA:17,15
DA:18,5
DA:19,5
DA:20,10
DA:21,15
LF:21
LH:21
BRDA:2,0,0,1
BRDA:2,1,0,12
BRDA:3,2,0,5
BRDA:6,3,0,7
BRDA:9,4,0,12
BRDA:10,5,0,5
BRDA:13,6,0,7
BRDA:16,7,0,15
BRDA:17,8,0,5
BRDA:20,9,0,10
BRF:10
BRH:10
end_of_record
TN:
SF:utils\mathUtils.js
FN:2,add
FN:6,subtract
FN:10,multiply
FN:14,divide
FNF:4
FNH:4
FNDA:11,add
FNDA:6,subtract
FNDA:10,multiply
FNDA:12,divide
DA:1,1
DA:2,1
DA:3,11
DA:4,11
DA:5,1
DA:6,1
DA:7,6
DA:8,6
DA:9,1
DA:10,1
DA:11,10
DA:12,10
DA:13,1
DA:14,1
DA:15,12
DA:16,2
DA:17,2
DA:18,10
DA:19,12
LF:19
LH:19
BRDA:2,0,0,1
BRDA:2,1,0,11
BRDA:6,2,0,6
BRDA:10,3,0,10
BRDA:14,4,0,12
BRDA:15,5,0,2
BRDA:18,6,0,10
BRF:7
BRH:7
end_of_record
TN:
SF:utils\stringUtils.js
FN:1,capitalize
FN:8,reverseString
FN:15,isPalindrome
FNF:3
FNH:3
FNDA:7,capitalize
FNDA:6,reverseString
FNDA:9,isPalindrome
DA:1,1
DA:2,7
DA:3,4
DA:4,4
DA:5,3
DA:6,7
DA:7,1
DA:8,1
DA:9,6
DA:10,2
DA:11,2
DA:12,4
DA:13,6
DA:14,1
DA:15,1
DA:16,9
DA:17,2
DA:18,2
DA:19,7
DA:20,7
DA:21,9
LF:21
LH:21
BRDA:1,0,0,1
BRDA:1,1,0,7
BRDA:2,2,0,4
BRDA:5,3,0,3
BRDA:8,4,0,6
BRDA:9,5,0,2
BRDA:12,6,0,4
BRDA:15,7,0,9
BRDA:16,8,0,2
BRDA:19,9,0,7
BRF:10
BRH:10
end_of_record
TN:
SF:utils\studentKnowledgeCheckerUtil.js
FN:7,checkStudentKnowledge
FNF:1
FNH:1
FNDA:10,checkStudentKnowledge
DA:1,1
DA:2,1
DA:3,1
DA:4,1
DA:5,1
DA:6,1
DA:7,1
DA:8,10
DA:9,10
DA:10,10
DA:11,10
DA:12,1
DA:13,1
DA:14,5
DA:15,10
DA:16,8
DA:17,1
DA:18,1
DA:19,8
DA:20,4
DA:21,10
DA:22,7
DA:23,1
DA:24,1
DA:25,7
DA:26,3
DA:27,3
DA:28,10
LF:28
LH:28
BRDA:1,0,0,1
BRDA:7,1,0,10
BRDA:11,2,0,1
BRDA:14,3,0,5
BRDA:15,4,0,8
BRDA:16,5,0,1
BRDA:20,6,0,4
BRDA:21,7,0,7
BRDA:22,8,0,1
BRDA:26,9,0,3
BRF:10
BRH:10
end_of_record
TN:
SF:utils\usersListUtils.js
FN:8,filterUsersByAge
FN:20,sortUsersByName
FN:33,findUserById
FN:46,isEmailTaken
FNF:4
FNH:4
FNDA:5,filterUsersByAge
FNDA:3,sortUsersByName
FNDA:3,findUserById
FNDA:4,isEmailTaken
DA:1,1
DA:2,1
DA:3,1
DA:4,1
DA:5,1
DA:6,1
DA:7,1
DA:8,1
DA:9,5
DA:10,2
DA:11,2
DA:12,3
DA:13,5
DA:14,1
DA:15,1
DA:16,1
DA:17,1
DA:18,1
DA:19,1
DA:20,1
DA:21,3
DA:22,1
DA:23,1
DA:24,2
DA:25,3
DA:26,1
DA:27,1
DA:28,1
DA:29,1
DA:30,1
DA:31,1
DA:32,1
DA:33,1
DA:34,3
DA:35,1
DA:36,1
DA:37,3
DA:38,3
DA:39,1
DA:40,1
DA:41,1
DA:42,1
DA:43,1
DA:44,1
DA:45,1
DA:46,1
DA:47,4
DA:48,1
DA:49,1
DA:50,3
DA:51,4
LF:51
LH:51
BRDA:1,0,0,1
BRDA:8,1,0,5
BRDA:9,2,0,2
BRDA:12,3,0,3
BRDA:12,4,0,12
BRDA:12,5,0,7
BRDA:20,6,0,3
BRDA:21,7,0,1
BRDA:24,8,0,2
BRDA:24,9,0,12
BRDA:33,10,0,3
BRDA:34,11,0,1
BRDA:37,12,0,2
BRDA:37,13,0,1
BRDA:37,14,0,6
BRDA:46,15,0,4
BRDA:47,16,0,1
BRDA:50,17,0,3
BRDA:50,18,0,10
BRF:19
BRH:19
end_of_record
